#
# A fatal error has been detected by the Java Runtime Environment:
#
#  SIGSEGV (0xb) at pc=0x00007f9ca5030401, pid=358, tid=441
#
# JRE version: OpenJDK Runtime Environment (11.0.8+10) (build 11.0.8+10-post-Ubuntu-0ubuntu118.04.1)
# Java VM: OpenJDK 64-Bit Server VM (11.0.8+10-post-Ubuntu-0ubuntu118.04.1, mixed mode, sharing, tiered, compressed oops, serial gc, linux-amd64)
# Problematic frame:
# C  [libjimage.so+0x2401]
#
# Core dump will be written. Default location: Core dumps may be processed with "/usr/share/apport/apport %p %s %c %d %P %E" (or dumping to /home/runner/summative-2-randy/core.358)
#
# If you would like to submit a bug report, please visit:
#   https://bugs.launchpad.net/ubuntu/+source/openjdk-lts
#

---------------  S U M M A R Y ------------

Command Line: Sketch

Host: Intel(R) Xeon(R) CPU @ 2.30GHz, 4 cores, 512M, Ubuntu 18.04.5 LTS
Time: Fri Nov 13 12:41:31 2020 UTC elapsed time: 198 seconds (0d 0h 3m 18s)

---------------  T H R E A D  ---------------

Current thread (0x00007f9c4801a000):  JavaThread "XToolkt-Shutdown-Thread" [_thread_in_vm, id=441, stack(0x00007f9c9feff000,0x00007f9ca0000000)]

Stack: [0x00007f9c9feff000,0x00007f9ca0000000],  sp=0x00007f9c9fffd060,  free space=1016k
Native frames: (J=compiled Java code, A=aot compiled Java code, j=interpreted, Vv=VM code, C=native code)
C  [libjimage.so+0x2401]
C  [libjimage.so+0x30ea]
C  [libjimage.so+0x35c6]  JIMAGE_FindResource+0xd6
V  [libjvm.so+0x59097e]
V  [libjvm.so+0x5936e0]
V  [libjvm.so+0xd50b85]
V  [libjvm.so+0xd4e51a]
V  [libjvm.so+0xd51112]
V  [libjvm.so+0x647127]
V  [libjvm.so+0xa3c57a]
V  [libjvm.so+0x844136]
V  [libjvm.so+0x84502d]
j  sun.awt.X11.XToolkit.lambda$init$0()V+0 java.desktop@11.0.8
j  sun.awt.X11.XToolkit$$Lambda$11.run()V+4 java.desktop@11.0.8
j  java.lang.Thread.run()V+11 java.base@11.0.8
v  ~StubRoutines::call_stub
V  [libjvm.so+0x84eb09]
V  [libjvm.so+0x84cc4d]
V  [libjvm.so+0x8f6c9c]
V  [libjvm.so+0xd8996f]
V  [libjvm.so+0xd860bf]
V  [libjvm.so+0xbd632e]

Java frames: (J=compiled Java code, j=interpreted, Vv=VM code)
j  sun.awt.X11.XToolkit.lambda$init$0()V+0 java.desktop@11.0.8
j  sun.awt.X11.XToolkit$$Lambda$11.run()V+4 java.desktop@11.0.8
j  java.lang.Thread.run()V+11 java.base@11.0.8
v  ~StubRoutines::call_stub

siginfo: si_signo: 11 (SIGSEGV), si_code: 1 (SEGV_MAPERR), si_addr: 0x00007f9c97904ca8

Register to memory mapping:

RAX=0x0000000000000b23 is an unknown value
RBX=0x00007f9c9fffd111 is pointing into the stack for thread: 0x00007f9c4801a000
RCX=0x00007f9c9790201c is an unknown value
RDX=0x0000000000000b23 is an unknown value
RSP=0x00007f9c9fffd060 is pointing into the stack for thread: 0x00007f9c4801a000
RBP=0x00007f9c9fffd080 is pointing into the stack for thread: 0x00007f9c4801a000
RSI=0x00007f9c9fffd110 is pointing into the stack for thread: 0x00007f9c4801a000
RDI=0x00007f9ca5233030: <offset 0x0000000000205030> in /usr/lib/jvm/java-11-openjdk-amd64/lib/libjimage.so at 0x00007f9ca502e000
R8 =0x0 is NULL
R9 =0x00000000ca0d71f0 is an unknown value
R10=0x00007f9c9fffd134 is pointing into the stack for thread: 0x00007f9c4801a000
R11=0x00007f9ca706907d: <offset 0x0000000000eb307d> in /usr/lib/jvm/java-11-openjdk-amd64/lib/server/libjvm.so at 0x00007f9ca61b6000
R12=0x00007f9c9fffd110 is pointing into the stack for thread: 0x00007f9c4801a000
R13=0x00000000000083bc is an unknown value
R14=0x00007f9c9fffe1a8 is pointing into the stack for thread: 0x00007f9c4801a000
R15=0x00007f9c70085110 points into unknown readable memory: 73 75 6e 2f 61 77 74 2f


Registers:
RAX=0x0000000000000b23, RBX=0x00007f9c9fffd111, RCX=0x00007f9c9790201c, RDX=0x0000000000000b23
RSP=0x00007f9c9fffd060, RBP=0x00007f9c9fffd080, RSI=0x00007f9c9fffd110, RDI=0x00007f9ca5233030
R8 =0x0000000000000000, R9 =0x00000000ca0d71f0, R10=0x00007f9c9fffd134, R11=0x00007f9ca706907d
R12=0x00007f9c9fffd110, R13=0x00000000000083bc, R14=0x00007f9c9fffe1a8, R15=0x00007f9c70085110
RIP=0x00007f9ca5030401, EFLAGS=0x0000000000010246, CSGSFS=0x002b000000000033, ERR=0x0000000000000004
  TRAPNO=0x000000000000000e

Top of Stack: (sp=0x00007f9c9fffd060)
0x00007f9c9fffd060:   0000000000000000 00007f9ca0009600
0x00007f9c9fffd070:   0000000000000000 00007f9c9fffd110
0x00007f9c9fffd080:   00007f9c9fffd0f0 00007f9ca50310ea
0x00007f9c9fffd090:   0000000000000000 0000000000000000 

Instructions: (pc=0x00007f9ca5030401)
0x00007f9ca5030301:   c5 4c 01 e3 48 89 ce e8 d3 f3 ff ff e9 69 fd ff
0x00007f9ca5030311:   ff 89 d1 0f b7 74 08 fe 66 41 89 74 0e fe e9 7a
0x00007f9ca5030321:   fe ff ff 0f 1f 40 00 8b 08 49 8d 1c 16 41 89 0e
0x00007f9ca5030331:   89 d1 8b 74 08 fc 41 89 74 0e fc 48 8d 34 10 48
0x00007f9ca5030341:   89 75 b8 e9 0b fe ff ff 0f 1f 80 00 00 00 00 0f
0x00007f9ca5030351:   b6 17 55 89 f0 48 89 e5 84 d2 74 22 48 8d 4f 01
0x00007f9ca5030361:   0f 1f 80 00 00 00 00 48 83 c1 01 0f b6 f2 0f b6
0x00007f9ca5030371:   51 ff 69 c0 93 01 00 01 31 f0 84 d2 75 e9 25 ff
0x00007f9ca5030381:   ff ff 7f 5d c3 66 2e 0f 1f 84 00 00 00 00 00 48
0x00007f9ca5030391:   85 d2 0f 84 dd 00 00 00 85 c9 0f 84 d5 00 00 00
0x00007f9ca50303a1:   55 48 89 e5 41 55 41 54 53 48 8d 5e 01 48 83 ec
0x00007f9ca50303b1:   08 44 0f b6 06 45 84 c0 0f 84 a9 00 00 00 49 89
0x00007f9ca50303c1:   da b8 93 01 00 01 66 0f 1f 84 00 00 00 00 00 49
0x00007f9ca50303d1:   83 c2 01 44 69 c8 93 01 00 01 41 0f b6 c0 45 0f
0x00007f9ca50303e1:   b6 42 ff 44 31 c8 45 84 c0 75 e4 25 ff ff ff 7f
0x00007f9ca50303f1:   41 89 cd 48 89 d1 31 d2 41 f7 f5 49 89 f4 89 d0
0x00007f9ca5030401:   8b 34 81 48 8b 07 ff 50 20 83 f8 00 7e 41 41 0f
0x00007f9ca5030411:   b6 14 24 84 d2 74 1c 0f 1f 84 00 00 00 00 00 69
0x00007f9ca5030421:   c0 93 01 00 01 48 83 c3 01 31 d0 0f b6 53 ff 84
0x00007f9ca5030431:   d2 75 ec 25 ff ff ff 7f 31 d2 41 f7 f5 48 83 c4
0x00007f9ca5030441:   08 89 d0 5b 41 5c 41 5d 5d c3 0f 1f 44 00 00 74
0x00007f9ca5030451:   1d f7 d0 48 83 c4 08 89 c2 5b 89 d0 41 5c 41 5d
0x00007f9ca5030461:   5d c3 0f 1f 44 00 00 b8 93 01 00 01 eb 82 ba ff
0x00007f9ca5030471:   ff ff ff eb c8 83 ca ff 89 d0 c3 0f 1f 40 00 0f
0x00007f9ca5030481:   b6 17 55 48 89 f8 48 89 e5 84 d2 75 15 eb 1a 38
0x00007f9ca5030491:   ca 75 1c 48 83 c0 01 0f b6 10 48 83 c6 01 84 d2
0x00007f9ca50304a1:   74 07 0f b6 0e 84 c9 75 e6 5d c3 0f 1f 40 00 31
0x00007f9ca50304b1:   c0 5d c3 66 90 66 2e 0f 1f 84 00 00 00 00 00 55
0x00007f9ca50304c1:   48 85 f6 48 89 e5 74 57 0f 1f 80 00 00 00 00 0f
0x00007f9ca50304d1:   b6 06 84 c0 74 49 0f b6 d0 83 e0 07 c1 fa 03 44
0x00007f9ca50304e1:   8d 50 01 0f b6 c0 41 89 d1 48 8d 56 01 4c 8d 44
0x00007f9ca50304f1:   06 02 31 c0 0f 1f 00 0f b6 0a 48 c1 e0 08 48 83 


Stack slot to memory mapping:
stack at sp + 0 slots: 0x0 is NULL
stack at sp + 1 slots: 0x00007f9ca0009600 points into unknown readable memory: 50 0f 00 44 9c 7f 00 00
stack at sp + 2 slots: 0x0 is NULL
stack at sp + 3 slots: 0x00007f9c9fffd110 is pointing into the stack for thread: 0x00007f9c4801a000
stack at sp + 4 slots: 0x00007f9c9fffd0f0 is pointing into the stack for thread: 0x00007f9c4801a000
stack at sp + 5 slots: 0x00007f9ca50310ea: <offset 0x00000000000030ea> in /usr/lib/jvm/java-11-openjdk-amd64/lib/libjimage.so at 0x00007f9ca502e000
stack at sp + 6 slots: 0x0 is NULL
stack at sp + 7 slots: 0x0 is NULL


---------------  P R O C E S S  ---------------

Threads class SMR info:
_java_thread_list=0x00007f9c4801b650, length=17, elements={
0x00007f9ca0051000, 0x00007f9ca0053000, 0x00007f9ca0059000, 0x00007f9ca005b800,
0x00007f9ca005d800, 0x00007f9ca005f000, 0x00007f9ca009a000, 0x00007f9ca00a4000,
0x00007f9ca021c800, 0x00007f9ca0220800, 0x00007f9ca02bb800, 0x00007f9ca02bd800,
0x00007f9ca020f800, 0x00007f9ca0016000, 0x00007f9c74001000, 0x00007f9c74002800,
0x00007f9c4801a000
}

Java Threads: ( => current thread )
  0x00007f9ca0051000 JavaThread "Reference Handler" daemon [_thread_blocked, id=361, stack(0x00007f9ca412f000,0x00007f9ca4230000)]
  0x00007f9ca0053000 JavaThread "Finalizer" daemon [_thread_blocked, id=362, stack(0x00007f9ca402e000,0x00007f9ca412f000)]
  0x00007f9ca0059000 JavaThread "Signal Dispatcher" daemon [_thread_blocked, id=363, stack(0x00007f9c88001000,0x00007f9c88102000)]
  0x00007f9ca005b800 JavaThread "C2 CompilerThread0" daemon [_thread_blocked, id=364, stack(0x00007f9c7bd64000,0x00007f9c7be65000)]
  0x00007f9ca005d800 JavaThread "C1 CompilerThread0" daemon [_thread_blocked, id=365, stack(0x00007f9c7bc63000,0x00007f9c7bd64000)]
  0x00007f9ca005f000 JavaThread "Sweeper thread" daemon [_thread_blocked, id=366, stack(0x00007f9c7bb62000,0x00007f9c7bc63000)]
  0x00007f9ca009a000 JavaThread "Service Thread" daemon [_thread_blocked, id=367, stack(0x00007f9c7ba61000,0x00007f9c7bb62000)]
  0x00007f9ca00a4000 JavaThread "Common-Cleaner" daemon [_thread_blocked, id=369, stack(0x00007f9c7b85e000,0x00007f9c7b95f000)]
  0x00007f9ca021c800 JavaThread "Java2D Disposer" daemon [_thread_blocked, id=415, stack(0x00007f9c780d6000,0x00007f9c781d7000)]
  0x00007f9ca0220800 JavaThread "AWT-XAWT" daemon [_thread_in_native, id=416, stack(0x00007f9c59d19000,0x00007f9c59e1a000)]
  0x00007f9ca02bb800 JavaThread "AWT-Shutdown" [_thread_blocked, id=422, stack(0x00007f9c59a16000,0x00007f9c59b17000)]
  0x00007f9ca02bd800 JavaThread "AWT-EventQueue-0" [_thread_blocked, id=423, stack(0x00007f9c59915000,0x00007f9c59a16000)]
  0x00007f9ca020f800 JavaThread "Animation Thread" [_thread_blocked, id=424, stack(0x00007f9c59814000,0x00007f9c59915000)]
  0x00007f9ca0016000 JavaThread "DestroyJavaVM" [_thread_blocked, id=359, stack(0x00007f9ca8323000,0x00007f9ca8424000)]
  0x00007f9c74001000 JavaThread "SIGHUP handler" daemon [_thread_blocked, id=439, stack(0x00007f9c59c18000,0x00007f9c59d19000)]
  0x00007f9c74002800 JavaThread "SIGTERM handler" daemon [_thread_blocked, id=440, stack(0x00007f9c59b17000,0x00007f9c59c18000)]
=>0x00007f9c4801a000 JavaThread "XToolkt-Shutdown-Thread" [_thread_in_vm, id=441, stack(0x00007f9c9feff000,0x00007f9ca0000000)]

Other Threads:
  0x00007f9ca004e000 VMThread "VM Thread" [stack: 0x00007f9ca4232000,0x00007f9ca4332000] [id=360]
  0x00007f9ca009c800 WatcherThread [stack: 0x00007f9c7b961000,0x00007f9c7ba61000] [id=368]

Threads with active compile tasks:

VM state:not at safepoint (normal execution)

VM Mutex/Monitor currently owned by a thread: None

Heap address: 0x00000000f8000000, size: 128 MB, Compressed Oops mode: 32-bit
Narrow klass base: 0x0000000800000000, Narrow klass shift: 3
Compressed class space size: 1073741824 Address: 0x0000000840000000

Heap:
 def new generation   total 2432K, used 432K [0x00000000f8000000, 0x00000000f82a0000, 0x00000000faaa0000)
  eden space 2176K,  18% used [0x00000000f8000000, 0x00000000f8061f88, 0x00000000f8220000)
  from space 256K,  15% used [0x00000000f8220000, 0x00000000f822a3a0, 0x00000000f8260000)
  to   space 256K,   0% used [0x00000000f8260000, 0x00000000f8260000, 0x00000000f82a0000)
 tenured generation   total 5504K, used 5094K [0x00000000faaa0000, 0x00000000fb000000, 0x0000000100000000)
   the space 5504K,  92% used [0x00000000faaa0000, 0x00000000faf99948, 0x00000000faf99a00, 0x00000000fb000000)
 Metaspace       used 9065K, capacity 9475K, committed 9856K, reserved 1058816K
  class space    used 910K, capacity 1092K, committed 1152K, reserved 1048576K

Card table byte_map: [0x00007f9ca82e2000,0x00007f9ca8323000] _byte_map_base: 0x00007f9ca7b22000

Polling page: 0x00007f9ca8440000

Metaspace:

Usage:
  Non-class:      8.19 MB capacity,     7.96 MB ( 97%) used,   193.02 KB (  2%) free+waste,    35.12 KB ( <1%) overhead. 
      Class:      1.07 MB capacity,   910.17 KB ( 83%) used,   161.08 KB ( 15%) free+waste,    20.75 KB (  2%) overhead. 
       Both:      9.25 MB capacity,     8.85 MB ( 96%) used,   354.09 KB (  4%) free+waste,    55.88 KB ( <1%) overhead. 

Virtual space:
  Non-class space:       10.00 MB reserved,       8.50 MB ( 85%) committed 
      Class space:        1.00 GB reserved,       1.12 MB ( <1%) committed 
             Both:        1.01 GB reserved,       9.62 MB ( <1%) committed 

Chunk freelists:
   Non-Class:  69.00 KB
       Class:  28.00 KB
        Both:  97.00 KB

MaxMetaspaceSize: unlimited
CompressedClassSpaceSize: 1.00 GB

CodeHeap 'non-profiled nmethods': size=120036Kb used=1056Kb max_used=1056Kb free=118979Kb
 bounds [0x00007f9c903c9000, 0x00007f9c90639000, 0x00007f9c97902000]
CodeHeap 'profiled nmethods': size=120032Kb used=2657Kb max_used=2660Kb free=117374Kb
 bounds [0x00007f9c88e91000, 0x00007f9c89131000, 0x00007f9c903c9000]
CodeHeap 'non-nmethods': size=5692Kb used=1236Kb max_used=1272Kb free=4455Kb
 bounds [0x00007f9c88902000, 0x00007f9c88b72000, 0x00007f9c88e91000]
 total_blobs=2181 nmethods=1543 adapters=553
 compilation: enabled
              stopped_count=0, restarted_count=0
 full_count=0

Compilation events (20 events):
Event: 154.959 Thread 0x00007f9ca005b800 1584       4       java.util.concurrent.locks.AbstractQueuedSynchronizer::shouldParkAfterFailedAcquire (50 bytes)
Event: 154.960 Thread 0x00007f9ca005b800 nmethod 1584 0x00007f9c904ce210 code [0x00007f9c904ce3a0, 0x00007f9c904ce438]
Event: 174.224 Thread 0x00007f9ca005b800 1585   !   4       sun.awt.X11.XToolkit::callTimeoutTasks (220 bytes)
Event: 174.232 Thread 0x00007f9ca005b800 nmethod 1585 0x00007f9c904ce510 code [0x00007f9c904ce6c0, 0x00007f9c904ce7a8]
Event: 181.929 Thread 0x00007f9ca005b800 1586       4       sun.java2d.marlin.DHelpers::findClipPoints (111 bytes)
Event: 181.985 Thread 0x00007f9ca005b800 nmethod 1586 0x00007f9c904ce910 code [0x00007f9c904ceb40, 0x00007f9c904cf190]
Event: 187.863 Thread 0x00007f9ca005b800 1587       4       sun.java2d.marlin.DTransformingPathConsumer2D$PathClipFilter::finish (136 bytes)
Event: 187.875 Thread 0x00007f9ca005b800 nmethod 1587 0x00007f9c904cf690 code [0x00007f9c904cf880, 0x00007f9c904cfc68]
Event: 189.798 Thread 0x00007f9ca005b800 1588       4       java.util.AbstractCollection::isEmpty (13 bytes)
Event: 189.800 Thread 0x00007f9ca005b800 nmethod 1588 0x00007f9c904cff90 code [0x00007f9c904d0120, 0x00007f9c904d01b8]
Event: 191.843 Thread 0x00007f9ca005b800 1589       4       sun.java2d.pipe.PixelToParallelogramConverter::fillRectangle (236 bytes)
Event: 191.856 Thread 0x00007f9ca005b800 nmethod 1589 0x00007f9c904d0290 code [0x00007f9c904d0440, 0x00007f9c904d06c8]
Event: 192.531 Thread 0x00007f9ca005d800 1590       3       java.lang.Long::hashCode (8 bytes)
Event: 192.531 Thread 0x00007f9ca005d800 nmethod 1590 0x00007f9c88e91e10 code [0x00007f9c88e91fc0, 0x00007f9c88e92150]
Event: 192.531 Thread 0x00007f9ca005d800 1591       3       java.lang.Long::hashCode (8 bytes)
Event: 192.531 Thread 0x00007f9ca005d800 nmethod 1591 0x00007f9c88e91b10 code [0x00007f9c88e91cc0, 0x00007f9c88e91db0]
Event: 197.398 Thread 0x00007f9ca005b800 1592       4       sun.java2d.marlin.DHelpers::subdivideAt (65 bytes)
Event: 197.408 Thread 0x00007f9ca005b800 nmethod 1592 0x00007f9c904d0990 code [0x00007f9c904d0b40, 0x00007f9c904d0d88]
Event: 197.857 Thread 0x00007f9ca005b800 1593       4       sun.java2d.xr.XRUtils::j2dAlphaCompToXR (108 bytes)
Event: 197.857 Thread 0x00007f9ca005b800 nmethod 1593 0x00007f9c904d1010 code [0x00007f9c904d11a0, 0x00007f9c904d1218]

GC Heap History (20 events):
Event: 11.107 GC heap before
{Heap before GC invocations=4 (full 0):
 def new generation   total 2432K, used 1531K [0x00000000f8000000, 0x00000000f82a0000, 0x00000000faaa0000)
  eden space 2176K,  58% used [0x00000000f8000000, 0x00000000f813ee68, 0x00000000f8220000)
  from space 256K,  99% used [0x00000000f8220000, 0x00000000f825fff8, 0x00000000f8260000)
  to   space 256K,   0% used [0x00000000f8260000, 0x00000000f8260000, 0x00000000f82a0000)
 tenured generation   total 5504K, used 1770K [0x00000000faaa0000, 0x00000000fb000000, 0x0000000100000000)
   the space 5504K,  32% used [0x00000000faaa0000, 0x00000000fac5ab88, 0x00000000fac5ac00, 0x00000000fb000000)
 Metaspace       used 7399K, capacity 7805K, committed 7936K, reserved 1056768K
  class space    used 772K, capacity 962K, committed 1024K, reserved 1048576K
}
Event: 11.110 GC heap after
{Heap after GC invocations=5 (full 0):
 def new generation   total 2432K, used 237K [0x00000000f8000000, 0x00000000f82a0000, 0x00000000faaa0000)
  eden space 2176K,   0% used [0x00000000f8000000, 0x00000000f8000000, 0x00000000f8220000)
  from space 256K,  92% used [0x00000000f8260000, 0x00000000f829b6e8, 0x00000000f82a0000)
  to   space 256K,   0% used [0x00000000f8220000, 0x00000000f8220000, 0x00000000f8260000)
 tenured generation   total 5504K, used 2281K [0x00000000faaa0000, 0x00000000fb000000, 0x0000000100000000)
   the space 5504K,  41% used [0x00000000faaa0000, 0x00000000facda6e8, 0x00000000facda800, 0x00000000fb000000)
 Metaspace       used 7399K, capacity 7805K, committed 7936K, reserved 1056768K
  class space    used 772K, capacity 962K, committed 1024K, reserved 1048576K
}
Event: 11.223 GC heap before
{Heap before GC invocations=5 (full 0):
 def new generation   total 2432K, used 2407K [0x00000000f8000000, 0x00000000f82a0000, 0x00000000faaa0000)
  eden space 2176K,  99% used [0x00000000f8000000, 0x00000000f821e838, 0x00000000f8220000)
  from space 256K,  92% used [0x00000000f8260000, 0x00000000f829b6e8, 0x00000000f82a0000)
  to   space 256K,   0% used [0x00000000f8220000, 0x00000000f8220000, 0x00000000f8260000)
 tenured generation   total 5504K, used 2281K [0x00000000faaa0000, 0x00000000fb000000, 0x0000000100000000)
   the space 5504K,  41% used [0x00000000faaa0000, 0x00000000facda6e8, 0x00000000facda800, 0x00000000fb000000)
 Metaspace       used 7450K, capacity 7869K, committed 8192K, reserved 1056768K
  class space    used 780K, capacity 962K, committed 1024K, reserved 1048576K
}
Event: 11.226 GC heap after
{Heap after GC invocations=6 (full 0):
 def new generation   total 2432K, used 50K [0x00000000f8000000, 0x00000000f82a0000, 0x00000000faaa0000)
  eden space 2176K,   0% used [0x00000000f8000000, 0x00000000f8000000, 0x00000000f8220000)
  from space 256K,  19% used [0x00000000f8220000, 0x00000000f822c900, 0x00000000f8260000)
  to   space 256K,   0% used [0x00000000f8260000, 0x00000000f8260000, 0x00000000f82a0000)
 tenured generation   total 5504K, used 3400K [0x00000000faaa0000, 0x00000000fb000000, 0x0000000100000000)
   the space 5504K,  61% used [0x00000000faaa0000, 0x00000000fadf2070, 0x00000000fadf2200, 0x00000000fb000000)
 Metaspace       used 7450K, capacity 7869K, committed 8192K, reserved 1056768K
  class space    used 780K, capacity 962K, committed 1024K, reserved 1048576K
}
Event: 14.112 GC heap before
{Heap before GC invocations=6 (full 0):
 def new generation   total 2432K, used 2226K [0x00000000f8000000, 0x00000000f82a0000, 0x00000000faaa0000)
  eden space 2176K,  99% used [0x00000000f8000000, 0x00000000f821ffb0, 0x00000000f8220000)
  from space 256K,  19% used [0x00000000f8220000, 0x00000000f822c900, 0x00000000f8260000)
  to   space 256K,   0% used [0x00000000f8260000, 0x00000000f8260000, 0x00000000f82a0000)
 tenured generation   total 5504K, used 3400K [0x00000000faaa0000, 0x00000000fb000000, 0x0000000100000000)
   the space 5504K,  61% used [0x00000000faaa0000, 0x00000000fadf2070, 0x00000000fadf2200, 0x00000000fb000000)
 Metaspace       used 8746K, capacity 9091K, committed 9344K, reserved 1056768K
  class space    used 909K, capacity 1092K, committed 1152K, reserved 1048576K
}
Event: 14.118 GC heap after
{Heap after GC invocations=7 (full 0):
 def new generation   total 2432K, used 256K [0x00000000f8000000, 0x00000000f82a0000, 0x00000000faaa0000)
  eden space 2176K,   0% used [0x00000000f8000000, 0x00000000f8000000, 0x00000000f8220000)
  from space 256K, 100% used [0x00000000f8260000, 0x00000000f82a0000, 0x00000000f82a0000)
  to   space 256K,   0% used [0x00000000f8220000, 0x00000000f8220000, 0x00000000f8260000)
 tenured generation   total 5504K, used 4839K [0x00000000faaa0000, 0x00000000fb000000, 0x0000000100000000)
   the space 5504K,  87% used [0x00000000faaa0000, 0x00000000faf59ca8, 0x00000000faf59e00, 0x00000000fb000000)
 Metaspace       used 8746K, capacity 9091K, committed 9344K, reserved 1056768K
  class space    used 909K, capacity 1092K, committed 1152K, reserved 1048576K
}
Event: 43.527 GC heap before
{Heap before GC invocations=7 (full 0):
 def new generation   total 2432K, used 2432K [0x00000000f8000000, 0x00000000f82a0000, 0x00000000faaa0000)
  eden space 2176K, 100% used [0x00000000f8000000, 0x00000000f8220000, 0x00000000f8220000)
  from space 256K, 100% used [0x00000000f8260000, 0x00000000f82a0000, 0x00000000f82a0000)
  to   space 256K,   0% used [0x00000000f8220000, 0x00000000f8220000, 0x00000000f8260000)
 tenured generation   total 5504K, used 4839K [0x00000000faaa0000, 0x00000000fb000000, 0x0000000100000000)
   the space 5504K,  87% used [0x00000000faaa0000, 0x00000000faf59ca8, 0x00000000faf59e00, 0x00000000fb000000)
 Metaspace       used 9060K, capacity 9475K, committed 9856K, reserved 1058816K
  class space    used 909K, capacity 1092K, committed 1152K, reserved 1048576K
}
Event: 43.529 GC heap after
{Heap after GC invocations=8 (full 0):
 def new generation   total 2432K, used 18K [0x00000000f8000000, 0x00000000f82a0000, 0x00000000faaa0000)
  eden space 2176K,   0% used [0x00000000f8000000, 0x00000000f8000000, 0x00000000f8220000)
  from space 256K,   7% used [0x00000000f8220000, 0x00000000f82249e8, 0x00000000f8260000)
  to   space 256K,   0% used [0x00000000f8260000, 0x00000000f8260000, 0x00000000f82a0000)
 tenured generation   total 5504K, used 5094K [0x00000000faaa0000, 0x00000000fb000000, 0x0000000100000000)
   the space 5504K,  92% used [0x00000000faaa0000, 0x00000000faf99948, 0x00000000faf99a00, 0x00000000fb000000)
 Metaspace       used 9060K, capacity 9475K, committed 9856K, reserved 1058816K
  class space    used 909K, capacity 1092K, committed 1152K, reserved 1048576K
}
Event: 68.488 GC heap before
{Heap before GC invocations=8 (full 0):
 def new generation   total 2432K, used 2194K [0x00000000f8000000, 0x00000000f82a0000, 0x00000000faaa0000)
  eden space 2176K, 100% used [0x00000000f8000000, 0x00000000f8220000, 0x00000000f8220000)
  from space 256K,   7% used [0x00000000f8220000, 0x00000000f82249e8, 0x00000000f8260000)
  to   space 256K,   0% used [0x00000000f8260000, 0x00000000f8260000, 0x00000000f82a0000)
 tenured generation   total 5504K, used 5094K [0x00000000faaa0000, 0x00000000fb000000, 0x0000000100000000)
   the space 5504K,  92% used [0x00000000faaa0000, 0x00000000faf99948, 0x00000000faf99a00, 0x00000000fb000000)
 Metaspace       used 9061K, capacity 9475K, committed 9856K, reserved 1058816K
  class space    used 909K, capacity 1092K, committed 1152K, reserved 1048576K
}
Event: 68.489 GC heap after
{Heap after GC invocations=9 (full 0):
 def new generation   total 2432K, used 18K [0x00000000f8000000, 0x00000000f82a0000, 0x00000000faaa0000)
  eden space 2176K,   0% used [0x00000000f8000000, 0x00000000f8000000, 0x00000000f8220000)
  from space 256K,   7% used [0x00000000f8260000, 0x00000000f8264a90, 0x00000000f82a0000)
  to   space 256K,   0% used [0x00000000f8220000, 0x00000000f8220000, 0x00000000f8260000)
 tenured generation   total 5504K, used 5094K [0x00000000faaa0000, 0x00000000fb000000, 0x0000000100000000)
   the space 5504K,  92% used [0x00000000faaa0000, 0x00000000faf99948, 0x00000000faf99a00, 0x00000000fb000000)
 Metaspace       used 9061K, capacity 9475K, committed 9856K, reserved 1058816K
  class space    used 909K, capacity 1092K, committed 1152K, reserved 1048576K
}
Event: 93.254 GC heap before
{Heap before GC invocations=9 (full 0):
 def new generation   total 2432K, used 2194K [0x00000000f8000000, 0x00000000f82a0000, 0x00000000faaa0000)
  eden space 2176K, 100% used [0x00000000f8000000, 0x00000000f8220000, 0x00000000f8220000)
  from space 256K,   7% used [0x00000000f8260000, 0x00000000f8264a90, 0x00000000f82a0000)
  to   space 256K,   0% used [0x00000000f8220000, 0x00000000f8220000, 0x00000000f8260000)
 tenured generation   total 5504K, used 5094K [0x00000000faaa0000, 0x00000000fb000000, 0x0000000100000000)
   the space 5504K,  92% used [0x00000000faaa0000, 0x00000000faf99948, 0x00000000faf99a00, 0x00000000fb000000)
 Metaspace       used 9061K, capacity 9475K, committed 9856K, reserved 1058816K
  class space    used 909K, capacity 1092K, committed 1152K, reserved 1048576K
}
Event: 93.255 GC heap after
{Heap after GC invocations=10 (full 0):
 def new generation   total 2432K, used 33K [0x00000000f8000000, 0x00000000f82a0000, 0x00000000faaa0000)
  eden space 2176K,   0% used [0x00000000f8000000, 0x00000000f8000000, 0x00000000f8220000)
  from space 256K,  13% used [0x00000000f8220000, 0x00000000f82285d0, 0x00000000f8260000)
  to   space 256K,   0% used [0x00000000f8260000, 0x00000000f8260000, 0x00000000f82a0000)
 tenured generation   total 5504K, used 5094K [0x00000000faaa0000, 0x00000000fb000000, 0x0000000100000000)
   the space 5504K,  92% used [0x00000000faaa0000, 0x00000000faf99948, 0x00000000faf99a00, 0x00000000fb000000)
 Metaspace       used 9061K, capacity 9475K, committed 9856K, reserved 1058816K
  class space    used 909K, capacity 1092K, committed 1152K, reserved 1048576K
}
Event: 118.710 GC heap before
{Heap before GC invocations=10 (full 0):
 def new generation   total 2432K, used 2209K [0x00000000f8000000, 0x00000000f82a0000, 0x00000000faaa0000)
  eden space 2176K, 100% used [0x00000000f8000000, 0x00000000f8220000, 0x00000000f8220000)
  from space 256K,  13% used [0x00000000f8220000, 0x00000000f82285d0, 0x00000000f8260000)
  to   space 256K,   0% used [0x00000000f8260000, 0x00000000f8260000, 0x00000000f82a0000)
 tenured generation   total 5504K, used 5094K [0x00000000faaa0000, 0x00000000fb000000, 0x0000000100000000)
   the space 5504K,  92% used [0x00000000faaa0000, 0x00000000faf99948, 0x00000000faf99a00, 0x00000000fb000000)
 Metaspace       used 9061K, capacity 9475K, committed 9856K, reserved 1058816K
  class space    used 909K, capacity 1092K, committed 1152K, reserved 1048576K
}
Event: 118.710 GC heap after
{Heap after GC invocations=11 (full 0):
 def new generation   total 2432K, used 40K [0x00000000f8000000, 0x00000000f82a0000, 0x00000000faaa0000)
  eden space 2176K,   0% used [0x00000000f8000000, 0x00000000f8000000, 0x00000000f8220000)
  from space 256K,  15% used [0x00000000f8260000, 0x00000000f826a340, 0x00000000f82a0000)
  to   space 256K,   0% used [0x00000000f8220000, 0x00000000f8220000, 0x00000000f8260000)
 tenured generation   total 5504K, used 5094K [0x00000000faaa0000, 0x00000000fb000000, 0x0000000100000000)
   the space 5504K,  92% used [0x00000000faaa0000, 0x00000000faf99948, 0x00000000faf99a00, 0x00000000fb000000)
 Metaspace       used 9061K, capacity 9475K, committed 9856K, reserved 1058816K
  class space    used 909K, capacity 1092K, committed 1152K, reserved 1048576K
}
Event: 143.990 GC heap before
{Heap before GC invocations=11 (full 0):
 def new generation   total 2432K, used 2216K [0x00000000f8000000, 0x00000000f82a0000, 0x00000000faaa0000)
  eden space 2176K, 100% used [0x00000000f8000000, 0x00000000f8220000, 0x00000000f8220000)
  from space 256K,  15% used [0x00000000f8260000, 0x00000000f826a340, 0x00000000f82a0000)
  to   space 256K,   0% used [0x00000000f8220000, 0x00000000f8220000, 0x00000000f8260000)
 tenured generation   total 5504K, used 5094K [0x00000000faaa0000, 0x00000000fb000000, 0x0000000100000000)
   the space 5504K,  92% used [0x00000000faaa0000, 0x00000000faf99948, 0x00000000faf99a00, 0x00000000fb000000)
 Metaspace       used 9061K, capacity 9475K, committed 9856K, reserved 1058816K
  class space    used 909K, capacity 1092K, committed 1152K, reserved 1048576K
}
Event: 143.991 GC heap after
{Heap after GC invocations=12 (full 0):
 def new generation   total 2432K, used 40K [0x00000000f8000000, 0x00000000f82a0000, 0x00000000faaa0000)
  eden space 2176K,   0% used [0x00000000f8000000, 0x00000000f8000000, 0x00000000f8220000)
  from space 256K,  15% used [0x00000000f8220000, 0x00000000f822a320, 0x00000000f8260000)
  to   space 256K,   0% used [0x00000000f8260000, 0x00000000f8260000, 0x00000000f82a0000)
 tenured generation   total 5504K, used 5094K [0x00000000faaa0000, 0x00000000fb000000, 0x0000000100000000)
   the space 5504K,  92% used [0x00000000faaa0000, 0x00000000faf99948, 0x00000000faf99a00, 0x00000000fb000000)
 Metaspace       used 9061K, capacity 9475K, committed 9856K, reserved 1058816K
  class space    used 909K, capacity 1092K, committed 1152K, reserved 1048576K
}
Event: 169.059 GC heap before
{Heap before GC invocations=12 (full 0):
 def new generation   total 2432K, used 2216K [0x00000000f8000000, 0x00000000f82a0000, 0x00000000faaa0000)
  eden space 2176K, 100% used [0x00000000f8000000, 0x00000000f8220000, 0x00000000f8220000)
  from space 256K,  15% used [0x00000000f8220000, 0x00000000f822a320, 0x00000000f8260000)
  to   space 256K,   0% used [0x00000000f8260000, 0x00000000f8260000, 0x00000000f82a0000)
 tenured generation   total 5504K, used 5094K [0x00000000faaa0000, 0x00000000fb000000, 0x0000000100000000)
   the space 5504K,  92% used [0x00000000faaa0000, 0x00000000faf99948, 0x00000000faf99a00, 0x00000000fb000000)
 Metaspace       used 9061K, capacity 9475K, committed 9856K, reserved 1058816K
  class space    used 909K, capacity 1092K, committed 1152K, reserved 1048576K
}
Event: 169.059 GC heap after
{Heap after GC invocations=13 (full 0):
 def new generation   total 2432K, used 40K [0x00000000f8000000, 0x00000000f82a0000, 0x00000000faaa0000)
  eden space 2176K,   0% used [0x00000000f8000000, 0x00000000f8000000, 0x00000000f8220000)
  from space 256K,  15% used [0x00000000f8260000, 0x00000000f826a320, 0x00000000f82a0000)
  to   space 256K,   0% used [0x00000000f8220000, 0x00000000f8220000, 0x00000000f8260000)
 tenured generation   total 5504K, used 5094K [0x00000000faaa0000, 0x00000000fb000000, 0x0000000100000000)
   the space 5504K,  92% used [0x00000000faaa0000, 0x00000000faf99948, 0x00000000faf99a00, 0x00000000fb000000)
 Metaspace       used 9061K, capacity 9475K, committed 9856K, reserved 1058816K
  class space    used 909K, capacity 1092K, committed 1152K, reserved 1048576K
}
Event: 194.446 GC heap before
{Heap before GC invocations=13 (full 0):
 def new generation   total 2432K, used 2216K [0x00000000f8000000, 0x00000000f82a0000, 0x00000000faaa0000)
  eden space 2176K, 100% used [0x00000000f8000000, 0x00000000f8220000, 0x00000000f8220000)
  from space 256K,  15% used [0x00000000f8260000, 0x00000000f826a320, 0x00000000f82a0000)
  to   space 256K,   0% used [0x00000000f8220000, 0x00000000f8220000, 0x00000000f8260000)
 tenured generation   total 5504K, used 5094K [0x00000000faaa0000, 0x00000000fb000000, 0x0000000100000000)
   the space 5504K,  92% used [0x00000000faaa0000, 0x00000000faf99948, 0x00000000faf99a00, 0x00000000fb000000)
 Metaspace       used 9062K, capacity 9475K, committed 9856K, reserved 1058816K
  class space    used 909K, capacity 1092K, committed 1152K, reserved 1048576K
}
Event: 194.448 GC heap after
{Heap after GC invocations=14 (full 0):
 def new generation   total 2432K, used 40K [0x00000000f8000000, 0x00000000f82a0000, 0x00000000faaa0000)
  eden space 2176K,   0% used [0x00000000f8000000, 0x00000000f8000000, 0x00000000f8220000)
  from space 256K,  15% used [0x00000000f8220000, 0x00000000f822a3a0, 0x00000000f8260000)
  to   space 256K,   0% used [0x00000000f8260000, 0x00000000f8260000, 0x00000000f82a0000)
 tenured generation   total 5504K, used 5094K [0x00000000faaa0000, 0x00000000fb000000, 0x0000000100000000)
   the space 5504K,  92% used [0x00000000faaa0000, 0x00000000faf99948, 0x00000000faf99a00, 0x00000000fb000000)
 Metaspace       used 9062K, capacity 9475K, committed 9856K, reserved 1058816K
  class space    used 909K, capacity 1092K, committed 1152K, reserved 1048576K
}

Deoptimization events (20 events):
Event: 122.880 Thread 0x00007f9ca020f800 DEOPT PACKING pc=0x00007f9c89128093 sp=0x00007f9c59913550
Event: 122.880 Thread 0x00007f9ca020f800 DEOPT UNPACKING pc=0x00007f9c88927fba sp=0x00007f9c59912970 mode 0
Event: 122.912 Thread 0x00007f9ca020f800 DEOPT PACKING pc=0x00007f9c89127b57 sp=0x00007f9c59913550
Event: 122.912 Thread 0x00007f9ca020f800 DEOPT UNPACKING pc=0x00007f9c88927fba sp=0x00007f9c59912968 mode 0
Event: 122.975 Thread 0x00007f9ca020f800 DEOPT PACKING pc=0x00007f9c89127a94 sp=0x00007f9c59913550
Event: 122.975 Thread 0x00007f9ca020f800 DEOPT UNPACKING pc=0x00007f9c88927fba sp=0x00007f9c59912970 mode 0
Event: 122.976 Thread 0x00007f9ca020f800 DEOPT PACKING pc=0x00007f9c89127b57 sp=0x00007f9c59913550
Event: 122.976 Thread 0x00007f9ca020f800 DEOPT UNPACKING pc=0x00007f9c88927fba sp=0x00007f9c59912968 mode 0
Event: 122.977 Thread 0x00007f9ca020f800 DEOPT PACKING pc=0x00007f9c89128093 sp=0x00007f9c599134d0
Event: 122.977 Thread 0x00007f9ca020f800 DEOPT UNPACKING pc=0x00007f9c88927fba sp=0x00007f9c599128f0 mode 0
Event: 122.981 Thread 0x00007f9ca020f800 DEOPT PACKING pc=0x00007f9c89127bcd sp=0x00007f9c59913550
Event: 122.981 Thread 0x00007f9ca020f800 DEOPT UNPACKING pc=0x00007f9c88927fba sp=0x00007f9c59912970 mode 0
Event: 123.076 Thread 0x00007f9ca020f800 DEOPT PACKING pc=0x00007f9c89127a94 sp=0x00007f9c59913550
Event: 123.076 Thread 0x00007f9ca020f800 DEOPT UNPACKING pc=0x00007f9c88927fba sp=0x00007f9c59912970 mode 0
Event: 123.087 Thread 0x00007f9ca020f800 DEOPT PACKING pc=0x00007f9c89127a94 sp=0x00007f9c59913550
Event: 123.087 Thread 0x00007f9ca020f800 DEOPT UNPACKING pc=0x00007f9c88927fba sp=0x00007f9c59912970 mode 0
Event: 123.088 Thread 0x00007f9ca020f800 DEOPT PACKING pc=0x00007f9c89127b57 sp=0x00007f9c59913550
Event: 123.088 Thread 0x00007f9ca020f800 DEOPT UNPACKING pc=0x00007f9c88927fba sp=0x00007f9c59912968 mode 0
Event: 123.089 Thread 0x00007f9ca020f800 DEOPT PACKING pc=0x00007f9c891280b4 sp=0x00007f9c599134d0
Event: 123.089 Thread 0x00007f9ca020f800 DEOPT UNPACKING pc=0x00007f9c88927fba sp=0x00007f9c599128f0 mode 0

Classes redefined (0 events):
No events

Internal exceptions (20 events):
Event: 1.280 Thread 0x00007f9ca0016000 Exception <a 'java/lang/ClassNotFoundException'{0x00000000f816f4c8}: sun/awt/resources/spi/awtProvider> (0x00000000f816f4c8) thrown at [./src/hotspot/share/classfile/systemDictionary.cpp, line 231]
Event: 2.179 Thread 0x00007f9ca0016000 Exception <a 'java/io/FileNotFoundException'{0x00000000f820e808}> (0x00000000f820e808) thrown at [./src/hotspot/share/prims/jni.cpp, line 615]
Event: 2.293 Thread 0x00007f9ca0016000 Exception <a 'java/lang/NoSuchMethodError'{0x00000000f8050110}: 'java.lang.Object java.lang.invoke.DirectMethodHandle$Holder.invokeStatic(java.lang.Object, java.lang.Object, java.lang.Object, java.lang.Object, java.lang.Object, java.lang.Object, java.lang.Object, java.lang.Object, java.lang.Object, java.lang.Object, java.lang.Object, java.lang.Object, java.lang.Object, java.lang.Object, java.lang.Object)'> (0x00000000f8050110) thrown at [./src/hotspot/share/interpreter/linkResolver.cpp, line 773]
Event: 2.376 Thread 0x00007f9ca0016000 Exception <a 'java/lang/NoSuchMethodError'{0x00000000f805e830}: 'java.lang.Object java.lang.invoke.DirectMethodHandle$Holder.invokeStatic(java.lang.Object, java.lang.Object, java.lang.Object, java.lang.Object, java.lang.Object, java.lang.Object, java.lang.Object, java.lang.Object, java.lang.Object, java.lang.Object, java.lang.Object, java.lang.Object, java.lang.Object, java.lang.Object, java.lang.Object, java.lang.Object)'> (0x00000000f805e830) thrown at [./src/hotspot/share/interpreter/linkResolver.cpp, l
Event: 2.379 Thread 0x00007f9ca0016000 Exception <a 'java/lang/NoSuchMethodError'{0x00000000f806c6e0}: 'java.lang.Object java.lang.invoke.DirectMethodHandle$Holder.invokeSpecial(java.lang.Object, java.lang.Object, int, int, java.lang.Object, java.lang.Object, java.lang.Object)'> (0x00000000f806c6e0) thrown at [./src/hotspot/share/interpreter/linkResolver.cpp, line 773]
Event: 2.379 Thread 0x00007f9ca0016000 Exception <a 'java/lang/NoSuchMethodError'{0x00000000f806fc70}: 'java.lang.Object java.lang.invoke.DelegatingMethodHandle$Holder.reinvoke_L(java.lang.Object, int, int, java.lang.Object, java.lang.Object, java.lang.Object)'> (0x00000000f806fc70) thrown at [./src/hotspot/share/interpreter/linkResolver.cpp, line 773]
Event: 2.380 Thread 0x00007f9ca0016000 Exception <a 'java/lang/NoSuchMethodError'{0x00000000f8073f98}: 'java.lang.Object java.lang.invoke.DirectMethodHandle$Holder.invokeStatic(java.lang.Object, java.lang.Object, java.lang.Object, java.lang.Object, int)'> (0x00000000f8073f98) thrown at [./src/hotspot/share/interpreter/linkResolver.cpp, line 773]
Event: 9.299 Thread 0x00007f9ca0016000 Exception <a 'java/lang/NoSuchMethodError'{0x00000000f81d35e8}: 'java.lang.Object java.lang.invoke.DirectMethodHandle$Holder.invokeStatic(java.lang.Object, java.lang.Object, java.lang.Object, java.lang.Object, java.lang.Object, java.lang.Object, java.lang.Object, java.lang.Object, int)'> (0x00000000f81d35e8) thrown at [./src/hotspot/share/interpreter/linkResolver.cpp, line 773]
Event: 9.310 Thread 0x00007f9ca0016000 Exception <a 'java/lang/NoSuchMethodError'{0x00000000f81edc78}: 'java.lang.Object java.lang.invoke.DirectMethodHandle$Holder.invokeStatic(java.lang.Object, java.lang.Object, java.lang.Object, java.lang.Object, java.lang.Object, java.lang.Object, java.lang.Object, java.lang.Object, int, int)'> (0x00000000f81edc78) thrown at [./src/hotspot/share/interpreter/linkResolver.cpp, line 773]
Event: 9.380 Thread 0x00007f9ca0016000 Exception <a 'java/lang/NoSuchMethodError'{0x00000000f81fa2b8}: 'void java.lang.invoke.DirectMethodHandle$Holder.invokeSpecial(java.lang.Object, java.lang.Object)'> (0x00000000f81fa2b8) thrown at [./src/hotspot/share/interpreter/linkResolver.cpp, line 773]
Event: 10.026 Thread 0x00007f9ca0016000 Exception <a 'java/lang/NoSuchMethodError'{0x00000000f81f17d0}: 'java.lang.Object java.lang.invoke.DirectMethodHandle$Holder.invokeStatic(java.lang.Object, int, java.lang.Object, java.lang.Object, java.lang.Object, java.lang.Object)'> (0x00000000f81f17d0) thrown at [./src/hotspot/share/interpreter/linkResolver.cpp, line 773]
Event: 10.026 Thread 0x00007f9ca0016000 Exception <a 'java/lang/NoSuchMethodError'{0x00000000f81f8890}: 'java.lang.Object java.lang.invoke.DirectMethodHandle$Holder.invokeStatic(java.lang.Object, int, java.lang.Object, java.lang.Object, java.lang.Object)'> (0x00000000f81f8890) thrown at [./src/hotspot/share/interpreter/linkResolver.cpp, line 773]
Event: 10.027 Thread 0x00007f9ca0016000 Exception <a 'java/lang/NoSuchMethodError'{0x00000000f81fc638}: 'java.lang.Object java.lang.invoke.DirectMethodHandle$Holder.invokeSpecial(java.lang.Object, java.lang.Object, int, java.lang.Object, java.lang.Object, java.lang.Object)'> (0x00000000f81fc638) thrown at [./src/hotspot/share/interpreter/linkResolver.cpp, line 773]
Event: 10.075 Thread 0x00007f9ca0016000 Exception <a 'java/lang/NoSuchMethodError'{0x00000000f8214500}: 'java.lang.Object java.lang.invoke.DirectMethodHandle$Holder.invokeStatic(java.lang.Object, int, java.lang.Object)'> (0x00000000f8214500) thrown at [./src/hotspot/share/interpreter/linkResolver.cpp, line 773]
Event: 10.286 Thread 0x00007f9ca0016000 Exception <a 'java/lang/NoSuchMethodError'{0x00000000f80ebc08}: 'java.lang.Object java.lang.invoke.Invokers$Holder.linkToTargetMethod(java.lang.Object, int, java.lang.Object)'> (0x00000000f80ebc08) thrown at [./src/hotspot/share/interpreter/linkResolver.cpp, line 773]
Event: 10.296 Thread 0x00007f9ca0016000 Exception <a 'java/lang/ClassNotFoundException'{0x00000000f80f3f98}: com/sun/swing/internal/plaf/metal/resources/spi/metalProvider> (0x00000000f80f3f98) thrown at [./src/hotspot/share/classfile/systemDictionary.cpp, line 231]
Event: 10.375 Thread 0x00007f9ca0016000 Exception <a 'java/lang/ClassNotFoundException'{0x00000000f80f8728}: com/sun/swing/internal/plaf/basic/resources/spi/basicProvider> (0x00000000f80f8728) thrown at [./src/hotspot/share/classfile/systemDictionary.cpp, line 231]
Event: 10.581 Thread 0x00007f9ca0016000 Exception <a 'java/lang/NoSuchMethodError'{0x00000000f818bad8}: 'void java.lang.invoke.DirectMethodHandle$Holder.invokeStaticInit(java.lang.Object)'> (0x00000000f818bad8) thrown at [./src/hotspot/share/interpreter/linkResolver.cpp, line 773]
Event: 10.599 Thread 0x00007f9ca0016000 Exception <a 'java/lang/NoSuchMethodError'{0x00000000f81c8e08}: 'java.lang.Object java.lang.invoke.DirectMethodHandle$Holder.invokeStatic(java.lang.Object, java.lang.Object, java.lang.Object, java.lang.Object, java.lang.Object, java.lang.Object, java.lang.Object, java.lang.Object, java.lang.Object, java.lang.Object, java.lang.Object, java.lang.Object, java.lang.Object, int)'> (0x00000000f81c8e08) thrown at [./src/hotspot/share/interpreter/linkResolver.cpp, line 773]
Event: 10.600 Thread 0x00007f9ca0016000 Exception <a 'java/lang/NoSuchMethodError'{0x00000000f81d5a40}: 'java.lang.Object java.lang.invoke.DirectMethodHandle$Holder.invokeStatic(java.lang.Object, java.lang.Object, java.lang.Object, java.lang.Object, java.lang.Object, java.lang.Object, java.lang.Object, java.lang.Object, java.lang.Object, java.lang.Object, java.lang.Object, java.lang.Object, java.lang.Object, int, int)'> (0x00000000f81d5a40) thrown at [./src/hotspot/share/interpreter/linkResolver.cpp, line 773]

Events (20 events):
Event: 174.234 Thread 0x00007f9ca005f000 flushing nmethod 0x00007f9c88e91e90
Event: 174.234 Thread 0x00007f9ca005f000 flushing nmethod 0x00007f9c88e98b90
Event: 174.234 Thread 0x00007f9ca005f000 flushing nmethod 0x00007f9c88e98f90
Event: 194.446 Executing VM operation: GenCollectForAllocation
Event: 194.448 Executing VM operation: GenCollectForAllocation done
Event: 198.001 loading class jdk/internal/misc/Signal$1
Event: 198.001 loading class jdk/internal/misc/Signal$1 done
Event: 198.003 Thread 0x00007f9c74001000 Thread added: 0x00007f9c74001000
Event: 198.003 Thread 0x00007f9c74002800 Thread added: 0x00007f9c74002800
Event: 198.003 Protecting memory [0x00007f9c59b17000,0x00007f9c59b1b000] with protection modes 0
Event: 198.004 Executing VM operation: RevokeBias
Event: 198.013 Protecting memory [0x00007f9c59c18000,0x00007f9c59c1c000] with protection modes 0
Event: 198.017 Executing VM operation: RevokeBias done
Event: 198.018 Executing VM operation: RevokeBias
Event: 198.018 Executing VM operation: RevokeBias done
Event: 198.024 Executing VM operation: RevokeBias
Event: 198.024 Executing VM operation: RevokeBias done
Event: 198.027 Thread 0x00007f9c4801a000 Thread added: 0x00007f9c4801a000
Event: 198.027 Protecting memory [0x00007f9c9feff000,0x00007f9c9ff03000] with protection modes 0
Event: 198.027 loading class sun/awt/X11/XSystemTrayPeer


Dynamic libraries:
f8000000-f82a0000 rw-p 00000000 00:00 0 
f82a0000-faaa0000 ---p 00000000 00:00 0 
faaa0000-fb000000 rw-p 00000000 00:00 0 
fb000000-100000000 ---p 00000000 00:00 0 
800000000-800002000 rwxp 00001000 08:01 3613432                          /usr/lib/jvm/java-11-openjdk-amd64/lib/server/classes.jsa
800002000-8003b8000 rw-p 00003000 08:01 3613432                          /usr/lib/jvm/java-11-openjdk-amd64/lib/server/classes.jsa
8003b8000-800a93000 r--p 003b9000 08:01 3613432                          /usr/lib/jvm/java-11-openjdk-amd64/lib/server/classes.jsa
800a93000-800a94000 rw-p 00a94000 08:01 3613432                          /usr/lib/jvm/java-11-openjdk-amd64/lib/server/classes.jsa
800a94000-8010a0000 r--p 00a95000 08:01 3613432                          /usr/lib/jvm/java-11-openjdk-amd64/lib/server/classes.jsa
840000000-840120000 rw-p 00000000 00:00 0 
840120000-880000000 ---p 00000000 00:00 0 
557e43c7b000-557e43c7c000 r-xp 00000000 08:01 3613064                    /usr/lib/jvm/java-11-openjdk-amd64/bin/java
557e43e7c000-557e43e7d000 r--p 00001000 08:01 3613064                    /usr/lib/jvm/java-11-openjdk-amd64/bin/java
557e43e7d000-557e43e7e000 rw-p 00002000 08:01 3613064                    /usr/lib/jvm/java-11-openjdk-amd64/bin/java
557e4433f000-557e44360000 rw-p 00000000 00:00 0                          [heap]
7f9c34000000-7f9c341a7000 rw-p 00000000 00:00 0 
7f9c341a7000-7f9c38000000 ---p 00000000 00:00 0 
7f9c38000000-7f9c3808d000 rw-p 00000000 00:00 0 
7f9c3808d000-7f9c3c000000 ---p 00000000 00:00 0 
7f9c3c000000-7f9c3c021000 rw-p 00000000 00:00 0 
7f9c3c021000-7f9c40000000 ---p 00000000 00:00 0 
7f9c40000000-7f9c40021000 rw-p 00000000 00:00 0 
7f9c40021000-7f9c44000000 ---p 00000000 00:00 0 
7f9c44000000-7f9c44021000 rw-p 00000000 00:00 0 
7f9c44021000-7f9c48000000 ---p 00000000 00:00 0 
7f9c48000000-7f9c4804e000 rw-p 00000000 00:00 0 
7f9c4804e000-7f9c4c000000 ---p 00000000 00:00 0 
7f9c4c000000-7f9c4c021000 rw-p 00000000 00:00 0 
7f9c4c021000-7f9c50000000 ---p 00000000 00:00 0 
7f9c50000000-7f9c50021000 rw-p 00000000 00:00 0 
7f9c50021000-7f9c54000000 ---p 00000000 00:00 0 
7f9c54000000-7f9c54021000 rw-p 00000000 00:00 0 
7f9c54021000-7f9c58000000 ---p 00000000 00:00 0 
7f9c5951f000-7f9c5959f000 rw-p 00000000 00:00 0 
7f9c5959f000-7f9c5971f000 ---p 00000000 00:00 0 
7f9c5971f000-7f9c59814000 rw-s 00000000 00:01 30                         /SYSV00000000 (deleted)
7f9c59814000-7f9c59818000 ---p 00000000 00:00 0 
7f9c59818000-7f9c59915000 rw-p 00000000 00:00 0 
7f9c59915000-7f9c59919000 ---p 00000000 00:00 0 
7f9c59919000-7f9c59a16000 rw-p 00000000 00:00 0 
7f9c59a16000-7f9c59a1a000 ---p 00000000 00:00 0 
7f9c59a1a000-7f9c59b17000 rw-p 00000000 00:00 0 
7f9c59b17000-7f9c59b1b000 ---p 00000000 00:00 0 
7f9c59b1b000-7f9c59c18000 rw-p 00000000 00:00 0 
7f9c59c18000-7f9c59c1c000 ---p 00000000 00:00 0 
7f9c59c1c000-7f9c59d19000 rw-p 00000000 00:00 0 
7f9c59d19000-7f9c59d1d000 ---p 00000000 00:00 0 
7f9c59d1d000-7f9c59e1a000 rw-p 00000000 00:00 0 
7f9c59ebf000-7f9c59ec4000 r-xp 00000000 08:01 2590547                    /usr/lib/x86_64-linux-gnu/libXfixes.so.3.1.0
7f9c59ec4000-7f9c5a0c3000 ---p 00005000 08:01 2590547                    /usr/lib/x86_64-linux-gnu/libXfixes.so.3.1.0
7f9c5a0c3000-7f9c5a0c4000 r--p 00004000 08:01 2590547                    /usr/lib/x86_64-linux-gnu/libXfixes.so.3.1.0
7f9c5a0c4000-7f9c5a0c5000 rw-p 00005000 08:01 2590547                    /usr/lib/x86_64-linux-gnu/libXfixes.so.3.1.0
7f9c5a0c5000-7f9c5a0ce000 r-xp 00000000 08:01 2590539                    /usr/lib/x86_64-linux-gnu/libXcursor.so.1.0.2
7f9c5a0ce000-7f9c5a2cd000 ---p 00009000 08:01 2590539                    /usr/lib/x86_64-linux-gnu/libXcursor.so.1.0.2
7f9c5a2cd000-7f9c5a2ce000 r--p 00008000 08:01 2590539                    /usr/lib/x86_64-linux-gnu/libXcursor.so.1.0.2
7f9c5a2ce000-7f9c5a2cf000 rw-p 00009000 08:01 2590539                    /usr/lib/x86_64-linux-gnu/libXcursor.so.1.0.2
7f9c5a2cf000-7f9c5a2d0000 ---p 00000000 00:00 0 
7f9c5a2d0000-7f9c5aad0000 rw-p 00000000 00:00 0 
7f9c5aad0000-7f9c5aad1000 ---p 00000000 00:00 0 
7f9c5aad1000-7f9c5b2d1000 rw-p 00000000 00:00 0 
7f9c5b2d1000-7f9c5b2dd000 r-xp 00000000 08:01 2590293                    /usr/lib/x86_64-linux-gnu/gio/modules/libdconfsettings.so
7f9c5b2dd000-7f9c5b4dc000 ---p 0000c000 08:01 2590293                    /usr/lib/x86_64-linux-gnu/gio/modules/libdconfsettings.so
7f9c5b4dc000-7f9c5b4dd000 r--p 0000b000 08:01 2590293                    /usr/lib/x86_64-linux-gnu/gio/modules/libdconfsettings.so
7f9c5b4dd000-7f9c5b4de000 rw-p 0000c000 08:01 2590293                    /usr/lib/x86_64-linux-gnu/gio/modules/libdconfsettings.so
7f9c5b4de000-7f9c5b4e4000 r-xp 00000000 08:01 2074384                    /lib/x86_64-linux-gnu/libuuid.so.1.3.0
7f9c5b4e4000-7f9c5b6e3000 ---p 00006000 08:01 2074384                    /lib/x86_64-linux-gnu/libuuid.so.1.3.0
7f9c5b6e3000-7f9c5b6e4000 r--p 00005000 08:01 2074384                    /lib/x86_64-linux-gnu/libuuid.so.1.3.0
7f9c5b6e4000-7f9c5b6e5000 rw-p 00006000 08:01 2074384                    /lib/x86_64-linux-gnu/libuuid.so.1.3.0
7f9c5b6e5000-7f9c5b72c000 r-xp 00000000 08:01 2074294                    /lib/x86_64-linux-gnu/libblkid.so.1.1.0
7f9c5b72c000-7f9c5b92c000 ---p 00047000 08:01 2074294                    /lib/x86_64-linux-gnu/libblkid.so.1.1.0
7f9c5b92c000-7f9c5b930000 r--p 00047000 08:01 2074294                    /lib/x86_64-linux-gnu/libblkid.so.1.1.0
7f9c5b930000-7f9c5b931000 rw-p 0004b000 08:01 2074294                    /lib/x86_64-linux-gnu/libblkid.so.1.1.0
7f9c5b931000-7f9c5b932000 rw-p 00000000 00:00 0 
7f9c5b932000-7f9c5b9a2000 r-xp 00000000 08:01 2074356                    /lib/x86_64-linux-gnu/libpcre.so.3.13.3
7f9c5b9a2000-7f9c5bba2000 ---p 00070000 08:01 2074356                    /lib/x86_64-linux-gnu/libpcre.so.3.13.3
7f9c5bba2000-7f9c5bba3000 r--p 00070000 08:01 2074356                    /lib/x86_64-linux-gnu/libpcre.so.3.13.3
7f9c5bba3000-7f9c5bba4000 rw-p 00071000 08:01 2074356                    /lib/x86_64-linux-gnu/libpcre.so.3.13.3
7f9c5bba4000-7f9c5bbab000 r-xp 00000000 08:01 2075065                    /usr/lib/x86_64-linux-gnu/libffi.so.6.0.4
7f9c5bbab000-7f9c5bdaa000 ---p 00007000 08:01 2075065                    /usr/lib/x86_64-linux-gnu/libffi.so.6.0.4
7f9c5bdaa000-7f9c5bdab000 r--p 00006000 08:01 2075065                    /usr/lib/x86_64-linux-gnu/libffi.so.6.0.4
7f9c5bdab000-7f9c5bdac000 rw-p 00007000 08:01 20